{
  "stats": {
    "suites": 1,
    "tests": 2,
    "passes": 2,
    "pending": 0,
    "failures": 0,
    "start": "2022-03-06T22:51:33.912Z",
    "end": "2022-03-06T22:51:35.863Z",
    "duration": 1951,
    "testsRegistered": 2,
    "passPercent": 100,
    "pendingPercent": 0,
    "other": 0,
    "hasOther": false,
    "skipped": 0,
    "hasSkipped": false
  },
  "results": [
    {
      "uuid": "498b31ec-c5c4-456c-b69b-201e0f8cf479",
      "title": "",
      "fullFile": "cypress/integration/html-css-js.spec.js",
      "file": "cypress/integration/html-css-js.spec.js",
      "beforeHooks": [],
      "afterHooks": [],
      "tests": [],
      "suites": [
        {
          "uuid": "383646ba-d5e2-4e75-9480-ff78c533c25e",
          "title": "HTML Level-1 challenge",
          "fullFile": "",
          "file": "",
          "beforeHooks": [],
          "afterHooks": [],
          "tests": [
            {
              "title": "Shows input elements",
              "fullTitle": "HTML Level-1 challenge Shows input elements",
              "timedOut": null,
              "duration": 458,
              "state": "passed",
              "speed": "slow",
              "pass": true,
              "fail": false,
              "pending": false,
              "context": null,
              "code": "cy.get('input[name=\"username\"]').should('have.value', '');\ncy.get('input[name=\"firstname\"]').should('have.value', '');\ncy.get('input[name=\"email\"]').should('have.value', '');\ncy.get('input[name=\"passwordInput\"]').should('have.value', '');\ncy.get('input[name=\"passwordInput\"]').should('have.value', '');\ncy.get('button[id=\"submitButton\"]').should('exist');",
              "err": {},
              "uuid": "22f7ab84-5184-4524-9a6d-4e3f48018af4",
              "parentUUID": "383646ba-d5e2-4e75-9480-ff78c533c25e",
              "isHook": false,
              "skipped": false
            },
            {
              "title": "Alert message:",
              "fullTitle": "HTML Level-1 challenge Alert message:",
              "timedOut": null,
              "duration": 1442,
              "state": "passed",
              "speed": "slow",
              "pass": true,
              "fail": false,
              "pending": false,
              "context": null,
              "code": "var firstName = 'Traour';\ncy.get('input[name=\"username\"]').type('John');\ncy.get('input[name=\"firstname\"]').type(firstName);\ncy.get('input[name=\"email\"]').type('jtraour@gmail.com');\ncy.get('input[name=\"passwordInput\"]').type('Traour');\ncy.get('input[name=\"passwordInput-repeat\"]').type('Traour');\ncy.get('button[id=\"submitButton\"]').click();\ncy.on('window:alert', function (str) {\n  console.log(str);\n  expect(str).to.contains(\"Thank you \" + firstName + \" for registering!\");\n});",
              "err": {},
              "uuid": "2e2d0cb7-9374-44c5-bc9e-312a94a3337e",
              "parentUUID": "383646ba-d5e2-4e75-9480-ff78c533c25e",
              "isHook": false,
              "skipped": false
            }
          ],
          "suites": [],
          "passes": [
            "22f7ab84-5184-4524-9a6d-4e3f48018af4",
            "2e2d0cb7-9374-44c5-bc9e-312a94a3337e"
          ],
          "failures": [],
          "pending": [],
          "skipped": [],
          "duration": 1900,
          "root": false,
          "rootEmpty": false,
          "_timeout": 2000
        }
      ],
      "passes": [],
      "failures": [],
      "pending": [],
      "skipped": [],
      "duration": 0,
      "root": true,
      "rootEmpty": true,
      "_timeout": 2000
    }
  ],
  "meta": {
    "mocha": {
      "version": "7.0.1"
    },
    "mochawesome": {
      "options": {
        "quiet": false,
        "reportFilename": "mochawesome",
        "saveHtml": false,
        "saveJson": true,
        "consoleReporter": "spec",
        "useInlineDiffs": false,
        "code": true
      },
      "version": "6.3.1"
    },
    "marge": {
      "options": {
        "id": "default",
        "reportDir": "cypress/reports/mocha",
        "quite": true,
        "overwrite": false,
        "html": false,
        "json": true
      },
      "version": "5.2.0"
    }
  }
}